This is pdfTeX, Version 3.14159265-2.6-1.40.21 (MiKTeX 20.7) (preloaded format=pdflatex 2020.9.20)  22 MAR 2021 21:37
entering extended mode
**"d:/Desktop - HDD/CS440/Minesweeper/pdf/project2.tex"
("d:/Desktop - HDD/CS440/Minesweeper/pdf/project2.tex"
LaTeX2e <2020-02-02> patch level 5
L3 programming layer <2020-09-03> (C:\Users\725ma\AppData\Local\Programs\MiKTeX\tex/latex/base\article.cls
Document Class: article 2019/12/20 v1.4l Standard LaTeX document class
(C:\Users\725ma\AppData\Local\Programs\MiKTeX\tex/latex/base\size12.clo
File: size12.clo 2019/12/20 v1.4l Standard LaTeX file (size option)
)
\c@part=\count168
\c@section=\count169
\c@subsection=\count170
\c@subsubsection=\count171
\c@paragraph=\count172
\c@subparagraph=\count173
\c@figure=\count174
\c@table=\count175
\abovecaptionskip=\skip47
\belowcaptionskip=\skip48
\bibindent=\dimen134
) (C:\Users\725ma\AppData\Local\Programs\MiKTeX\tex/latex/fancyhdr\fancyhdr.sty
Package: fancyhdr 2019/01/31 v3.10 Extensive control of page headers and footers
\f@nch@headwidth=\skip49
\f@nch@O@elh=\skip50
\f@nch@O@erh=\skip51
\f@nch@O@olh=\skip52
\f@nch@O@orh=\skip53
\f@nch@O@elf=\skip54
\f@nch@O@erf=\skip55
\f@nch@O@olf=\skip56
\f@nch@O@orf=\skip57
) (C:\Users\725ma\AppData\Local\Programs\MiKTeX\tex/latex/geometry\geometry.sty
Package: geometry 2020/01/02 v5.9 Page Geometry
 (C:\Users\725ma\AppData\Local\Programs\MiKTeX\tex/latex/graphics\keyval.sty
Package: keyval 2014/10/28 v1.15 key=value parser (DPC)
\KV@toks@=\toks15
) (C:\Users\725ma\AppData\Local\Programs\MiKTeX\tex/generic/iftex\ifvtex.sty
Package: ifvtex 2019/10/25 v1.7 ifvtex legacy package. Use iftex instead.
 (C:\Users\725ma\AppData\Local\Programs\MiKTeX\tex/generic/iftex\iftex.sty
Package: iftex 2020/03/06 v1.0d TeX engine tests
))
\Gm@cnth=\count176
\Gm@cntv=\count177
\c@Gm@tempcnt=\count178
\Gm@bindingoffset=\dimen135
\Gm@wd@mp=\dimen136
\Gm@odd@mp=\dimen137
\Gm@even@mp=\dimen138
\Gm@layoutwidth=\dimen139
\Gm@layoutheight=\dimen140
\Gm@layouthoffset=\dimen141
\Gm@layoutvoffset=\dimen142
\Gm@dimlist=\toks16
 (C:\Users\725ma\AppData\Local\Programs\MiKTeX\tex/latex/geometry\geometry.cfg)) (C:\Users\725ma\AppData\Local\Programs\MiKTeX\tex/latex/amsmath\amsmath.sty
Package: amsmath 2020/01/20 v2.17e AMS math features
\@mathmargin=\skip58

For additional information on amsmath, use the `?' option.
(C:\Users\725ma\AppData\Local\Programs\MiKTeX\tex/latex/amsmath\amstext.sty
Package: amstext 2000/06/29 v2.01 AMS text
 (C:\Users\725ma\AppData\Local\Programs\MiKTeX\tex/latex/amsmath\amsgen.sty
File: amsgen.sty 1999/11/30 v2.0 generic functions
\@emptytoks=\toks17
\ex@=\dimen143
)) (C:\Users\725ma\AppData\Local\Programs\MiKTeX\tex/latex/amsmath\amsbsy.sty
Package: amsbsy 1999/11/29 v1.2d Bold Symbols
\pmbraise@=\dimen144
) (C:\Users\725ma\AppData\Local\Programs\MiKTeX\tex/latex/amsmath\amsopn.sty
Package: amsopn 2016/03/08 v2.02 operator names
)
\inf@bad=\count179
LaTeX Info: Redefining \frac on input line 227.
\uproot@=\count180
\leftroot@=\count181
LaTeX Info: Redefining \overline on input line 389.
\classnum@=\count182
\DOTSCASE@=\count183
LaTeX Info: Redefining \ldots on input line 486.
LaTeX Info: Redefining \dots on input line 489.
LaTeX Info: Redefining \cdots on input line 610.
\Mathstrutbox@=\box45
\strutbox@=\box46
\big@size=\dimen145
LaTeX Font Info:    Redeclaring font encoding OML on input line 733.
LaTeX Font Info:    Redeclaring font encoding OMS on input line 734.
\macc@depth=\count184
\c@MaxMatrixCols=\count185
\dotsspace@=\muskip16
\c@parentequation=\count186
\dspbrk@lvl=\count187
\tag@help=\toks18
\row@=\count188
\column@=\count189
\maxfields@=\count190
\andhelp@=\toks19
\eqnshift@=\dimen146
\alignsep@=\dimen147
\tagshift@=\dimen148
\tagwidth@=\dimen149
\totwidth@=\dimen150
\lineht@=\dimen151
\@envbody=\toks20
\multlinegap=\skip59
\multlinetaggap=\skip60
\mathdisplay@stack=\toks21
LaTeX Info: Redefining \[ on input line 2859.
LaTeX Info: Redefining \] on input line 2860.
) (C:\Users\725ma\AppData\Local\Programs\MiKTeX\tex/latex/amscls\amsthm.sty
Package: amsthm 2020/05/29 v2.20.6
\thm@style=\toks22
\thm@bodyfont=\toks23
\thm@headfont=\toks24
\thm@notefont=\toks25
\thm@headpunct=\toks26
\thm@preskip=\skip61
\thm@postskip=\skip62
\thm@headsep=\skip63
\dth@everypar=\toks27
) (C:\Users\725ma\AppData\Local\Programs\MiKTeX\tex/latex/amsfonts\amssymb.sty
Package: amssymb 2013/01/14 v3.01 AMS font symbols
 (C:\Users\725ma\AppData\Local\Programs\MiKTeX\tex/latex/amsfonts\amsfonts.sty
Package: amsfonts 2013/01/14 v3.01 Basic AMSFonts support
\symAMSa=\mathgroup4
\symAMSb=\mathgroup5
LaTeX Font Info:    Redeclaring math symbol \hbar on input line 98.
LaTeX Font Info:    Overwriting math alphabet `\mathfrak' in version `bold'
(Font)                  U/euf/m/n --> U/euf/b/n on input line 106.
)) (C:\Users\725ma\AppData\Local\Programs\MiKTeX\tex/latex/float\float.sty
Package: float 2001/11/08 v1.3d Float enhancements (AL)
\c@float@type=\count191
\float@exts=\toks28
\float@box=\box47
\@float@everytoks=\toks29
\@floatcapt=\box48
) (C:\Users\725ma\AppData\Local\Programs\MiKTeX\tex/latex/fancyvrb\fancyvrb.sty
Package: fancyvrb 2021/01/20 v3.7 verbatim text (tvz,hv)
\FV@CodeLineNo=\count192
\FV@InFile=\read2
\FV@TabBox=\box49
\c@FancyVerbLine=\count193
\FV@StepNumber=\count194
\FV@OutFile=\write3
) (C:\Users\725ma\AppData\Local\Programs\MiKTeX\tex/latex/newverbs\newverbs.sty
Package: newverbs 2010/09/02 v1.5 Define new 'verb' commands and short verb. characters
 (C:\Users\725ma\AppData\Local\Programs\MiKTeX\tex/latex/base\shortvrb.sty
Package: shortvrb 2019/12/16 v2.1l Standard LaTeX documentation package (FMi)
)) (C:\Users\725ma\AppData\Local\Programs\MiKTeX\tex/latex/xcolor\xcolor.sty
Package: xcolor 2016/05/11 v2.12 LaTeX color extensions (UK)
 (C:\Users\725ma\AppData\Local\Programs\MiKTeX\tex/latex/graphics-cfg\color.cfg
File: color.cfg 2016/01/02 v1.6 sample color configuration
)
Package xcolor Info: Driver file: pdftex.def on input line 225.
 (C:\Users\725ma\AppData\Local\Programs\MiKTeX\tex/latex/graphics-def\pdftex.def
File: pdftex.def 2020/08/26 v1.2 Graphics/color driver for pdftex
)
Package xcolor Info: Model `cmy' substituted by `cmy0' on input line 1348.
Package xcolor Info: Model `hsb' substituted by `rgb' on input line 1352.
Package xcolor Info: Model `RGB' extended on input line 1364.
Package xcolor Info: Model `HTML' substituted by `rgb' on input line 1366.
Package xcolor Info: Model `Hsb' substituted by `hsb' on input line 1367.
Package xcolor Info: Model `tHsb' substituted by `hsb' on input line 1368.
Package xcolor Info: Model `HSB' substituted by `hsb' on input line 1369.
Package xcolor Info: Model `Gray' substituted by `gray' on input line 1370.
Package xcolor Info: Model `wave' substituted by `hsb' on input line 1371.
) (C:\Users\725ma\AppData\Local\Programs\MiKTeX\tex/latex/enumitem\enumitem.sty
Package: enumitem 2019/06/20 v3.9 Customized lists
\labelindent=\skip64
\enit@outerparindent=\dimen152
\enit@toks=\toks30
\enit@inbox=\box50
\enit@count@id=\count195
\enitdp@description=\count196
) (C:\Users\725ma\AppData\Local\Programs\MiKTeX\tex/latex/graphics\graphicx.sty
Package: graphicx 2019/11/30 v1.2a Enhanced LaTeX Graphics (DPC,SPQR)
 (C:\Users\725ma\AppData\Local\Programs\MiKTeX\tex/latex/graphics\graphics.sty
Package: graphics 2019/11/30 v1.4a Standard LaTeX Graphics (DPC,SPQR)
 (C:\Users\725ma\AppData\Local\Programs\MiKTeX\tex/latex/graphics\trig.sty
Package: trig 2016/01/03 v1.10 sin cos tan (DPC)
) (C:\Users\725ma\AppData\Local\Programs\MiKTeX\tex/latex/graphics-cfg\graphics.cfg
File: graphics.cfg 2016/06/04 v1.11 sample graphics configuration
)
Package graphics Info: Driver file: pdftex.def on input line 105.
)
\Gin@req@height=\dimen153
\Gin@req@width=\dimen154
) (C:\Users\725ma\AppData\Local\Programs\MiKTeX\tex/latex/l3backend\l3backend-pdftex.def
File: l3backend-pdftex.def 2020-09-01 L3 backend support: PDF output (pdfTeX)
\l__kernel_color_stack_int=\count197
\l__pdf_internal_box=\box51
) ("d:/Desktop - HDD\CS440\Minesweeper\pdf\project2.aux")
\openout1 = `project2.aux'.

LaTeX Font Info:    Checking defaults for OML/cmm/m/it on input line 70.
LaTeX Font Info:    ... okay on input line 70.
LaTeX Font Info:    Checking defaults for OMS/cmsy/m/n on input line 70.
LaTeX Font Info:    ... okay on input line 70.
LaTeX Font Info:    Checking defaults for OT1/cmr/m/n on input line 70.
LaTeX Font Info:    ... okay on input line 70.
LaTeX Font Info:    Checking defaults for T1/cmr/m/n on input line 70.
LaTeX Font Info:    ... okay on input line 70.
LaTeX Font Info:    Checking defaults for TS1/cmr/m/n on input line 70.
LaTeX Font Info:    ... okay on input line 70.
LaTeX Font Info:    Checking defaults for OMX/cmex/m/n on input line 70.
LaTeX Font Info:    ... okay on input line 70.
LaTeX Font Info:    Checking defaults for U/cmr/m/n on input line 70.
LaTeX Font Info:    ... okay on input line 70.

*geometry* driver: auto-detecting
*geometry* detected driver: pdftex
*geometry* verbose mode - [ preamble ] result:
* driver: pdftex
* paper: <default>
* layout: <same size as paper>
* layoutoffset:(h,v)=(0.0pt,0.0pt)
* modes: twoside 
* h-part:(L,W,R)=(72.26999pt, 469.75502pt, 72.26999pt)
* v-part:(T,H,B)=(72.26999pt, 650.43001pt, 72.26999pt)
* \paperwidth=614.295pt
* \paperheight=794.96999pt
* \textwidth=469.75502pt
* \textheight=650.43001pt
* \oddsidemargin=0.0pt
* \evensidemargin=0.0pt
* \topmargin=-37.0pt
* \headheight=14.5pt
* \headsep=25.0pt
* \topskip=12.0pt
* \footskip=30.0pt
* \marginparwidth=95.0pt
* \marginparsep=10.0pt
* \columnsep=10.0pt
* \skip\footins=10.8pt plus 4.0pt minus 2.0pt
* \hoffset=0.0pt
* \voffset=0.0pt
* \mag=1000
* \@twocolumnfalse
* \@twosidetrue
* \@mparswitchtrue
* \@reversemarginfalse
* (1in=72.27pt=25.4mm, 1cm=28.453pt)

(C:\Users\725ma\AppData\Local\Programs\MiKTeX\tex/context/base/mkii\supp-pdf.mkii
[Loading MPS to PDF converter (version 2006.09.02).]
\scratchcounter=\count198
\scratchdimen=\dimen155
\scratchbox=\box52
\nofMPsegments=\count199
\nofMParguments=\count266
\everyMPshowfont=\toks31
\MPscratchCnt=\count267
\MPscratchDim=\dimen156
\MPnumerator=\count268
\makeMPintoPDFobject=\count269
\everyMPtoPDFconversion=\toks32
) (C:\Users\725ma\AppData\Local\Programs\MiKTeX\tex/latex/epstopdf-pkg\epstopdf-base.sty
Package: epstopdf-base 2020-01-24 v2.11 Base part for package epstopdf
Package epstopdf-base Info: Redefining graphics rule for `.eps' on input line 485.
)
LaTeX Font Info:    Trying to load font information for U+msa on input line 81.
 (C:\Users\725ma\AppData\Local\Programs\MiKTeX\tex/latex/amsfonts\umsa.fd
File: umsa.fd 2013/01/14 v3.01 AMS symbols A
)
LaTeX Font Info:    Trying to load font information for U+msb on input line 81.
 (C:\Users\725ma\AppData\Local\Programs\MiKTeX\tex/latex/amsfonts\umsb.fd
File: umsb.fd 2013/01/14 v3.01 AMS symbols B
) ("d:/Desktop - HDD\CS440\Minesweeper\pdf\project2.toc")
\tf@toc=\write4
\openout4 = `project2.toc'.

 [1

{C:/Users/725ma/AppData/Local/MiKTeX/pdftex/config/pdftex.map}] [2] [3] [4]
<../play_by_play/play_by_play_1.png, id=20, 130.23656pt x 627.09282pt>
File: ../play_by_play/play_by_play_1.png Graphic file (type png)
<use ../play_by_play/play_by_play_1.png>
Package pdftex.def Info: ../play_by_play/play_by_play_1.png  used on input line 136.
(pdftex.def)             Requested size: 130.23624pt x 627.0913pt.
<../play_by_play/play_by_play_2.png, id=22, 129.48375pt x 627.84563pt>
File: ../play_by_play/play_by_play_2.png Graphic file (type png)
<use ../play_by_play/play_by_play_2.png>
Package pdftex.def Info: ../play_by_play/play_by_play_2.png  used on input line 140.
(pdftex.def)             Requested size: 129.48341pt x 627.84409pt.

Underfull \vbox (badness 10000) has occurred while \output is active []

 [5]
<../play_by_play/play_by_play_3.png, id=27, 130.23656pt x 628.59843pt>
File: ../play_by_play/play_by_play_3.png Graphic file (type png)
<use ../play_by_play/play_by_play_3.png>
Package pdftex.def Info: ../play_by_play/play_by_play_3.png  used on input line 144.
(pdftex.def)             Requested size: 130.23624pt x 628.5969pt.

Underfull \vbox (badness 10000) has occurred while \output is active []

 [6 <../play_by_play/play_by_play_1.png>]
<../play_by_play/play_by_play_4.png, id=32, 130.98938pt x 630.10406pt>
File: ../play_by_play/play_by_play_4.png Graphic file (type png)
<use ../play_by_play/play_by_play_4.png>
Package pdftex.def Info: ../play_by_play/play_by_play_4.png  used on input line 148.
(pdftex.def)             Requested size: 130.98904pt x 630.10252pt.

Underfull \vbox (badness 10000) has occurred while \output is active []

 [7 <../play_by_play/play_by_play_2.png>]
<../play_by_play/play_by_play_5.png, id=38, 132.495pt x 641.39626pt>
File: ../play_by_play/play_by_play_5.png Graphic file (type png)
<use ../play_by_play/play_by_play_5.png>
Package pdftex.def Info: ../play_by_play/play_by_play_5.png  used on input line 152.
(pdftex.def)             Requested size: 132.49466pt x 641.39468pt.

Underfull \vbox (badness 10000) has occurred while \output is active []

 [8 <../play_by_play/play_by_play_3.png>]
<../play_by_play/play_by_play_6.png, id=43, 131.74219pt x 654.19406pt>
File: ../play_by_play/play_by_play_6.png Graphic file (type png)
<use ../play_by_play/play_by_play_6.png>
Package pdftex.def Info: ../play_by_play/play_by_play_6.png  used on input line 156.
(pdftex.def)             Requested size: 131.74185pt x 654.19246pt.

Underfull \vbox (badness 10000) has occurred while \output is active []

 [9 <../play_by_play/play_by_play_4.png>]
<../play_by_play/play_by_play_7.png, id=48, 131.74219pt x 652.68843pt>
File: ../play_by_play/play_by_play_7.png Graphic file (type png)
<use ../play_by_play/play_by_play_7.png>
Package pdftex.def Info: ../play_by_play/play_by_play_7.png  used on input line 160.
(pdftex.def)             Requested size: 131.74185pt x 652.68684pt.

Underfull \vbox (badness 10000) has occurred while \output is active []

 [10 <../play_by_play/play_by_play_5.png>]
Overfull \vbox (3.76245pt too high) has occurred while \output is active []

 [11 <../play_by_play/play_by_play_6.png>]
<../play_by_play/play_by_play_8.png, id=57, 130.98938pt x 664.73344pt>
File: ../play_by_play/play_by_play_8.png Graphic file (type png)
<use ../play_by_play/play_by_play_8.png>
Package pdftex.def Info: ../play_by_play/play_by_play_8.png  used on input line 164.
(pdftex.def)             Requested size: 130.98904pt x 664.73183pt.

Overfull \vbox (2.25684pt too high) has occurred while \output is active []

 [12 <../play_by_play/play_by_play_7.png>]
<../play_by_play/play_by_play_9.png, id=62, 131.74219pt x 470.50781pt>
File: ../play_by_play/play_by_play_9.png Graphic file (type png)
<use ../play_by_play/play_by_play_9.png>
Package pdftex.def Info: ../play_by_play/play_by_play_9.png  used on input line 168.
(pdftex.def)             Requested size: 131.74185pt x 470.50665pt.

Overfull \vbox (14.30182pt too high) has occurred while \output is active []

 [13 <../play_by_play/play_by_play_8.png>] [14 <../play_by_play/play_by_play_9.png>]
<../graphs/Basic Algorithm.png, id=72, 770.3982pt x 433.62pt>
File: ../graphs/Basic Algorithm.png Graphic file (type png)
<use ../graphs/Basic Algorithm.png>
Package pdftex.def Info: ../graphs/Basic Algorithm.png  used on input line 183.
(pdftex.def)             Requested size: 385.19815pt x 216.80946pt.
<../graphs/Advanced Algorithm.png, id=73, 770.3982pt x 433.62pt>
File: ../graphs/Advanced Algorithm.png Graphic file (type png)
<use ../graphs/Advanced Algorithm.png>
Package pdftex.def Info: ../graphs/Advanced Algorithm.png  used on input line 187.
(pdftex.def)             Requested size: 385.19815pt x 216.80946pt.
 [15 <../graphs/Basic Algorithm.png> <../graphs/Advanced Algorithm.png>] [16] [17] [18] ("d:/Desktop - HDD\CS440\Minesweeper\pdf\project2.aux") ) 
Here is how much of TeX's memory you used:
 4417 strings out of 481199
 62097 string characters out of 2905595
 315076 words of memory out of 3000000
 19959 multiletter control sequences out of 15000+200000
 544060 words of font info for 64 fonts, out of 3000000 for 9000
 1141 hyphenation exceptions out of 8191
 36i,11n,45p,775b,357s stack positions out of 5000i,500n,10000p,200000b,50000s
<C:/Users/725ma/AppData/Local/Programs/MiKTeX/fonts/type1/public/amsfonts/cm/cmbx12.pfb><C:/Users/725ma/AppData/Local/Programs/MiKTeX/fonts/type1/public/amsfonts/cm/cmmi12.pfb><C:/Users/725ma/AppData/Local/Programs/MiKTeX/fonts/type1/public/amsfonts/cm/cmr12.pfb><C:/Users/725ma/AppData/Local/Programs/MiKTeX/fonts/type1/public/amsfonts/cm/cmr17.pfb><C:/Users/725ma/AppData/Local/Programs/MiKTeX/fonts/type1/public/amsfonts/cm/cmsy10.pfb><C:/Users/725ma/AppData/Local/Programs/MiKTeX/fonts/type1/public/amsfonts/cm/cmti12.pfb><C:/Users/725ma/AppData/Local/Programs/MiKTeX/fonts/type1/public/amsfonts/cm/cmtt12.pfb>
Output written on "d:/Desktop - HDD\CS440\Minesweeper\pdf\project2.pdf" (18 pages, 322019 bytes).
PDF statistics:
 111 PDF objects out of 1000 (max. 8388607)
 0 named destinations out of 1000 (max. 500000)
 56 words of extra memory for PDF output out of 10000 (max. 10000000)

